语法

    0 $accept: line_list $end

    1 line_list: line
    2          | line_list line

    3 line: expression CR

    4 expression: term
    5           | expression ADD term
    6           | expression SUB term

    7 term: primary_expression
    8     | term MUL primary_expression
    9     | term DIV primary_expression

   10 primary_expression: INT_LITERAL


终结语词，附有它们出现处的规则

    $end (0) 0
    error (256)
    INT_LITERAL <int_value> (258) 10
    ADD (259) 5
    SUB (260) 6
    MUL (261) 8
    DIV (262) 9
    CR (263) 3


非终结语词，附有它们出现处的规则

    $accept (9)
        on left: 0
    line_list (10)
        on left: 1 2
        on right: 0 2
    line (11)
        on left: 3
        on right: 1 2
    expression <int_value> (12)
        on left: 4 5 6
        on right: 3 5 6
    term <int_value> (13)
        on left: 7 8 9
        on right: 4 5 6 8 9
    primary_expression <int_value> (14)
        on left: 10
        on right: 7 8 9


状态 0

    0 $accept: • line_list $end

    INT_LITERAL  偏移，并进入状态 1

    line_list           转到状态 2
    line                转到状态 3
    expression          转到状态 4
    term                转到状态 5
    primary_expression  转到状态 6


状态 1

   10 primary_expression: INT_LITERAL •

    $default  使用规则 10 以归约 (primary_expression)


状态 2

    0 $accept: line_list • $end
    2 line_list: line_list • line

    $end         偏移，并进入状态 7
    INT_LITERAL  偏移，并进入状态 1

    line                转到状态 8
    expression          转到状态 4
    term                转到状态 5
    primary_expression  转到状态 6


状态 3

    1 line_list: line •

    $default  使用规则 1 以归约 (line_list)


状态 4

    3 line: expression • CR
    5 expression: expression • ADD term
    6           | expression • SUB term

    ADD  偏移，并进入状态 9
    SUB  偏移，并进入状态 10
    CR   偏移，并进入状态 11


状态 5

    4 expression: term •
    8 term: term • MUL primary_expression
    9     | term • DIV primary_expression

    MUL  偏移，并进入状态 12
    DIV  偏移，并进入状态 13

    $default  使用规则 4 以归约 (expression)


状态 6

    7 term: primary_expression •

    $default  使用规则 7 以归约 (term)


状态 7

    0 $accept: line_list $end •

    $default  接受


状态 8

    2 line_list: line_list line •

    $default  使用规则 2 以归约 (line_list)


状态 9

    5 expression: expression ADD • term

    INT_LITERAL  偏移，并进入状态 1

    term                转到状态 14
    primary_expression  转到状态 6


状态 10

    6 expression: expression SUB • term

    INT_LITERAL  偏移，并进入状态 1

    term                转到状态 15
    primary_expression  转到状态 6


状态 11

    3 line: expression CR •

    $default  使用规则 3 以归约 (line)


状态 12

    8 term: term MUL • primary_expression

    INT_LITERAL  偏移，并进入状态 1

    primary_expression  转到状态 16


状态 13

    9 term: term DIV • primary_expression

    INT_LITERAL  偏移，并进入状态 1

    primary_expression  转到状态 17


状态 14

    5 expression: expression ADD term •
    8 term: term • MUL primary_expression
    9     | term • DIV primary_expression

    MUL  偏移，并进入状态 12
    DIV  偏移，并进入状态 13

    $default  使用规则 5 以归约 (expression)


状态 15

    6 expression: expression SUB term •
    8 term: term • MUL primary_expression
    9     | term • DIV primary_expression

    MUL  偏移，并进入状态 12
    DIV  偏移，并进入状态 13

    $default  使用规则 6 以归约 (expression)


状态 16

    8 term: term MUL primary_expression •

    $default  使用规则 8 以归约 (term)


状态 17

    9 term: term DIV primary_expression •

    $default  使用规则 9 以归约 (term)
